<?xml version="1.0" encoding="UTF-8"?>
<testng-results ignored="0" total="5" passed="5" failed="0" skipped="0">
  <reporter-output>
  </reporter-output>
  <suite started-at="2024-11-27T12:14:05 IST" name="Suite" finished-at="2024-11-27T12:14:17 IST" duration-ms="11439">
    <groups>
    </groups>
    <test started-at="2024-11-27T12:14:05 IST" name="LoginPage" finished-at="2024-11-27T12:14:11 IST" duration-ms="5508">
      <class name="com.qa.Test.LoginPageTest">
        <test-method is-config="true" signature="setup(java.lang.String)[pri:0, instance:com.qa.Test.LoginPageTest@3c9754d8]" started-at="2024-11-27T12:14:05 IST" name="setup" finished-at="2024-11-27T12:14:08 IST" duration-ms="2299" status="PASS">
          <params>
            <param index="0">
              <value>
                <![CDATA[chrome]]>
              </value>
            </param>
          </params>
          <reporter-output>
          </reporter-output>
        </test-method> <!-- setup -->
        <test-method is-config="true" signature="Start()[pri:0, instance:com.qa.Test.LoginPageTest@3c9754d8]" started-at="2024-11-27T12:14:08 IST" name="Start" finished-at="2024-11-27T12:14:08 IST" duration-ms="27" status="PASS">
          <reporter-output>
          </reporter-output>
        </test-method> <!-- Start -->
        <test-method signature="LoginPageTitleTest()[pri:1, instance:com.qa.Test.LoginPageTest@3c9754d8]" started-at="2024-11-27T12:14:08 IST" name="LoginPageTitleTest" finished-at="2024-11-27T12:14:08 IST" duration-ms="20" status="PASS">
          <reporter-output>
          </reporter-output>
        </test-method> <!-- LoginPageTitleTest -->
        <test-method is-config="true" signature="Screenshots()[pri:0, instance:com.qa.Test.LoginPageTest@3c9754d8]" started-at="2024-11-27T12:14:08 IST" name="Screenshots" finished-at="2024-11-27T12:14:08 IST" duration-ms="1" status="PASS">
          <reporter-output>
          </reporter-output>
        </test-method> <!-- Screenshots -->
        <test-method is-config="true" signature="Start()[pri:0, instance:com.qa.Test.LoginPageTest@3c9754d8]" started-at="2024-11-27T12:14:08 IST" name="Start" finished-at="2024-11-27T12:14:08 IST" duration-ms="1" status="PASS">
          <reporter-output>
          </reporter-output>
        </test-method> <!-- Start -->
        <test-method signature="LoginLogoTest()[pri:2, instance:com.qa.Test.LoginPageTest@3c9754d8]" started-at="2024-11-27T12:14:08 IST" name="LoginLogoTest" finished-at="2024-11-27T12:14:08 IST" duration-ms="42" status="PASS">
          <reporter-output>
          </reporter-output>
        </test-method> <!-- LoginLogoTest -->
        <test-method is-config="true" signature="Screenshots()[pri:0, instance:com.qa.Test.LoginPageTest@3c9754d8]" started-at="2024-11-27T12:14:08 IST" name="Screenshots" finished-at="2024-11-27T12:14:08 IST" duration-ms="1" status="PASS">
          <reporter-output>
          </reporter-output>
        </test-method> <!-- Screenshots -->
        <test-method is-config="true" signature="Start()[pri:0, instance:com.qa.Test.LoginPageTest@3c9754d8]" started-at="2024-11-27T12:14:08 IST" name="Start" finished-at="2024-11-27T12:14:08 IST" duration-ms="1" status="PASS">
          <reporter-output>
          </reporter-output>
        </test-method> <!-- Start -->
        <test-method signature="LoginWithValidCradential()[pri:3, instance:com.qa.Test.LoginPageTest@3c9754d8]" started-at="2024-11-27T12:14:08 IST" name="LoginWithValidCradential" finished-at="2024-11-27T12:14:09 IST" depends-on-methods="com.qa.Test.LoginPageTest.LoginPageTitleTest" duration-ms="855" status="PASS">
          <reporter-output>
          </reporter-output>
        </test-method> <!-- LoginWithValidCradential -->
        <test-method is-config="true" signature="Screenshots()[pri:0, instance:com.qa.Test.LoginPageTest@3c9754d8]" started-at="2024-11-27T12:14:09 IST" name="Screenshots" finished-at="2024-11-27T12:14:09 IST" duration-ms="0" status="PASS">
          <reporter-output>
          </reporter-output>
        </test-method> <!-- Screenshots -->
        <test-method is-config="true" signature="Teardown()[pri:0, instance:com.qa.Test.LoginPageTest@3c9754d8]" started-at="2024-11-27T12:14:09 IST" name="Teardown" finished-at="2024-11-27T12:14:11 IST" duration-ms="2203" status="PASS">
          <reporter-output>
          </reporter-output>
        </test-method> <!-- Teardown -->
      </class> <!-- com.qa.Test.LoginPageTest -->
    </test> <!-- LoginPage -->
    <test started-at="2024-11-27T12:14:11 IST" name="Homepage" finished-at="2024-11-27T12:14:17 IST" duration-ms="5913">
      <class name="com.qa.Test.HomePageTest">
        <test-method is-config="true" signature="setup(java.lang.String)[pri:0, instance:com.qa.Test.HomePageTest@7ee8290b]" started-at="2024-11-27T12:14:11 IST" name="setup" finished-at="2024-11-27T12:14:14 IST" duration-ms="3550" status="PASS">
          <params>
            <param index="0">
              <value>
                <![CDATA[firefox]]>
              </value>
            </param>
          </params>
          <reporter-output>
          </reporter-output>
        </test-method> <!-- setup -->
        <test-method is-config="true" signature="start()[pri:0, instance:com.qa.Test.HomePageTest@7ee8290b]" started-at="2024-11-27T12:14:14 IST" name="start" finished-at="2024-11-27T12:14:14 IST" duration-ms="1" status="PASS">
          <reporter-output>
          </reporter-output>
        </test-method> <!-- start -->
        <test-method signature="FilterLowToHigh()[pri:0, instance:com.qa.Test.HomePageTest@7ee8290b]" started-at="2024-11-27T12:14:14 IST" name="FilterLowToHigh" finished-at="2024-11-27T12:14:15 IST" duration-ms="1068" status="PASS">
          <reporter-output>
          </reporter-output>
        </test-method> <!-- FilterLowToHigh -->
        <test-method is-config="true" signature="Screenshot()[pri:0, instance:com.qa.Test.HomePageTest@7ee8290b]" started-at="2024-11-27T12:14:15 IST" name="Screenshot" finished-at="2024-11-27T12:14:15 IST" duration-ms="1" status="PASS">
          <reporter-output>
          </reporter-output>
        </test-method> <!-- Screenshot -->
        <test-method is-config="true" signature="start()[pri:0, instance:com.qa.Test.HomePageTest@7ee8290b]" started-at="2024-11-27T12:14:15 IST" name="start" finished-at="2024-11-27T12:14:15 IST" duration-ms="2" status="PASS">
          <reporter-output>
          </reporter-output>
        </test-method> <!-- start -->
        <test-method signature="Price_HighToLow()[pri:0, instance:com.qa.Test.HomePageTest@7ee8290b]" started-at="2024-11-27T12:14:15 IST" name="Price_HighToLow" finished-at="2024-11-27T12:14:16 IST" duration-ms="374" status="PASS">
          <reporter-output>
          </reporter-output>
        </test-method> <!-- Price_HighToLow -->
        <test-method is-config="true" signature="Screenshot()[pri:0, instance:com.qa.Test.HomePageTest@7ee8290b]" started-at="2024-11-27T12:14:16 IST" name="Screenshot" finished-at="2024-11-27T12:14:16 IST" duration-ms="1" status="PASS">
          <reporter-output>
          </reporter-output>
        </test-method> <!-- Screenshot -->
        <test-method is-config="true" signature="Teardown()[pri:0, instance:com.qa.Test.HomePageTest@7ee8290b]" started-at="2024-11-27T12:14:16 IST" name="Teardown" finished-at="2024-11-27T12:14:17 IST" duration-ms="910" status="PASS">
          <reporter-output>
          </reporter-output>
        </test-method> <!-- Teardown -->
      </class> <!-- com.qa.Test.HomePageTest -->
    </test> <!-- Homepage -->
  </suite> <!-- Suite -->
</testng-results>
