<?xml version="1.0" encoding="UTF-8"?>
<!-- Generated by org.testng.reporters.JUnitXMLReporter -->
<testsuite ignored="2" hostname="Acer" failures="0" tests="3" name="LoginPage" time="5.508" errors="0" timestamp="2024-11-27T12:14:11 IST">
  <testcase classname="com.qa.Test.LoginPageTest" name="LoginPageTitleTest" time="0.02"/>
  <testcase classname="com.qa.Test.LoginPageTest" name="LoginLogoTest" time="0.042"/>
  <testcase classname="com.qa.Test.LoginPageTest" name="LoginWithValidCradential" time="0.855"/>
  <testcase classname="com.qa.Test.LoginPageTest" name="InvalidPassword" time="0.0">
    <ignored/>
  </testcase> <!-- InvalidPassword -->
  <testcase classname="com.qa.Test.LoginPageTest" name="LoginWithInvalidUsername" time="0.0">
    <ignored/>
  </testcase> <!-- LoginWithInvalidUsername -->
</testsuite> <!-- LoginPage -->
