<?xml version="1.0" encoding="UTF-8"?>
<!-- Generated by org.testng.reporters.JUnitXMLReporter -->
<testsuite ignored="2" hostname="Acer" failures="0" tests="5" name="Test" time="8.854" errors="0" timestamp="2024-11-27T12:05:29 IST">
  <testcase classname="com.qa.Test.LoginPageTest" name="LoginPageTitleTest" time="0.03"/>
  <testcase classname="com.qa.Test.LoginPageTest" name="LoginLogoTest" time="0.059"/>
  <testcase classname="com.qa.Test.LoginPageTest" name="LoginWithValidCradential" time="0.877"/>
  <testcase classname="com.qa.Test.HomePageTest" name="FilterLowToHigh" time="1.07"/>
  <testcase classname="com.qa.Test.HomePageTest" name="Price_HighToLow" time="0.187"/>
  <testcase classname="com.qa.Test.LoginPageTest" name="InvalidPassword" time="0.0">
    <ignored/>
  </testcase> <!-- InvalidPassword -->
  <testcase classname="com.qa.Test.LoginPageTest" name="LoginWithInvalidUsername" time="0.0">
    <ignored/>
  </testcase> <!-- LoginWithInvalidUsername -->
</testsuite> <!-- Test -->
